C:\USERS\USER\DESKTOP\G_P\CLAIRVOYANCE\SRC\WINDOW\CAPSTONE2015\CAPSTONE2015\DEBUG\VC110.PDB
C:\USERS\USER\DESKTOP\G_P\CLAIRVOYANCE\SRC\WINDOW\CAPSTONE2015\CAPSTONE2015\DEBUG\MAIN.OBJ
C:\Users\User\Desktop\g_p\clairvoyance\src\window\capstone2015\capstone2015\Debug\main.obj
C:\Users\User\Desktop\g_p\clairvoyance\src\window\capstone2015\capstone2015\Debug\cl.command.1.tlog
C:\Users\User\Desktop\g_p\clairvoyance\src\window\capstone2015\capstone2015\Debug\CL.read.1.tlog
C:\Users\User\Desktop\g_p\clairvoyance\src\window\capstone2015\capstone2015\Debug\CL.write.1.tlog
C:\Users\User\Desktop\g_p\clairvoyance\src\window\capstone2015\capstone2015\Debug\link-cvtres.read.1.tlog
C:\Users\User\Desktop\g_p\clairvoyance\src\window\capstone2015\capstone2015\Debug\link-cvtres.write.1.tlog
C:\Users\User\Desktop\g_p\clairvoyance\src\window\capstone2015\capstone2015\Debug\link-rc.read.1.tlog
C:\Users\User\Desktop\g_p\clairvoyance\src\window\capstone2015\capstone2015\Debug\link-rc.write.1.tlog
C:\Users\User\Desktop\g_p\clairvoyance\src\window\capstone2015\capstone2015\Debug\link.13324-cvtres.read.1.tlog
C:\Users\User\Desktop\g_p\clairvoyance\src\window\capstone2015\capstone2015\Debug\link.13324-cvtres.write.1.tlog
C:\Users\User\Desktop\g_p\clairvoyance\src\window\capstone2015\capstone2015\Debug\link.13324-rc.read.1.tlog
C:\Users\User\Desktop\g_p\clairvoyance\src\window\capstone2015\capstone2015\Debug\link.13324-rc.write.1.tlog
C:\Users\User\Desktop\g_p\clairvoyance\src\window\capstone2015\capstone2015\Debug\link.13324.read.1.tlog
C:\Users\User\Desktop\g_p\clairvoyance\src\window\capstone2015\capstone2015\Debug\link.13324.write.1.tlog
C:\Users\User\Desktop\g_p\clairvoyance\src\window\capstone2015\capstone2015\Debug\link.command.1.tlog
C:\Users\User\Desktop\g_p\clairvoyance\src\window\capstone2015\capstone2015\Debug\link.read.1.tlog
C:\Users\User\Desktop\g_p\clairvoyance\src\window\capstone2015\capstone2015\Debug\link.write.1.tlog
C:\Users\User\Desktop\g_p\clairvoyance\src\window\capstone2015\capstone2015\Debug\vc110.idb
C:\Users\User\Desktop\g_p\clairvoyance\src\window\capstone2015\capstone2015\Debug\vc110.pdb
C:\Users\User\Desktop\g_p\clairvoyance\src\window\capstone2015\Debug\capstone2015.pdb
