C:\USERS\SH\DOCUMENTS\GITHUB\CLAIRVOYANCE\SRC\WINDOW\IPC PROCESSES\RAWINPUTFORJOYSTICK\RAWINPUTFORJOYSTICK\DEBUG\RAWINPUT.OBJ
C:\USERS\SH\DOCUMENTS\GITHUB\CLAIRVOYANCE\SRC\WINDOW\IPC PROCESSES\RAWINPUTFORJOYSTICK\RAWINPUTFORJOYSTICK\DEBUG\VC110.PDB
C:\USERS\SH\DOCUMENTS\GITHUB\CLAIRVOYANCE\SRC\WINDOW\IPC PROCESSES\RAWINPUTFORJOYSTICK\RAWINPUTFORJOYSTICK\DEBUG\CREATESHAREDMEMORY EXAMPLE.OBJ
C:\USERS\SH\DOCUMENTS\GITHUB\CLAIRVOYANCE\SRC\WINDOW\IPC PROCESSES\RAWINPUTFORJOYSTICK\DEBUG\RAWINPUTFORJOYSTICK.ILK
C:\USERS\SH\DOCUMENTS\GITHUB\CLAIRVOYANCE\SRC\WINDOW\IPC PROCESSES\RAWINPUTFORJOYSTICK\DEBUG\RAWINPUTFORJOYSTICK.EXE
C:\USERS\SH\DOCUMENTS\GITHUB\CLAIRVOYANCE\SRC\WINDOW\IPC PROCESSES\RAWINPUTFORJOYSTICK\DEBUG\RAWINPUTFORJOYSTICK.PDB
C:\Users\sh\Documents\GitHub\clairvoyance\src\window\ipc processes\RawInputForJoyStick\RawInputForJoyStick\Debug\CreatesharedMemory example.obj
C:\Users\sh\Documents\GitHub\clairvoyance\src\window\ipc processes\RawInputForJoyStick\RawInputForJoyStick\Debug\RawInput.obj
C:\Users\sh\Documents\GitHub\clairvoyance\src\window\ipc processes\RawInputForJoyStick\RawInputForJoyStick\Debug\cl.command.1.tlog
C:\Users\sh\Documents\GitHub\clairvoyance\src\window\ipc processes\RawInputForJoyStick\RawInputForJoyStick\Debug\CL.read.1.tlog
C:\Users\sh\Documents\GitHub\clairvoyance\src\window\ipc processes\RawInputForJoyStick\RawInputForJoyStick\Debug\CL.write.1.tlog
C:\Users\sh\Documents\GitHub\clairvoyance\src\window\ipc processes\RawInputForJoyStick\RawInputForJoyStick\Debug\link-cvtres.read.1.tlog
C:\Users\sh\Documents\GitHub\clairvoyance\src\window\ipc processes\RawInputForJoyStick\RawInputForJoyStick\Debug\link-cvtres.write.1.tlog
C:\Users\sh\Documents\GitHub\clairvoyance\src\window\ipc processes\RawInputForJoyStick\RawInputForJoyStick\Debug\link-rc.read.1.tlog
C:\Users\sh\Documents\GitHub\clairvoyance\src\window\ipc processes\RawInputForJoyStick\RawInputForJoyStick\Debug\link-rc.write.1.tlog
C:\Users\sh\Documents\GitHub\clairvoyance\src\window\ipc processes\RawInputForJoyStick\RawInputForJoyStick\Debug\link.10704-cvtres.read.1.tlog
C:\Users\sh\Documents\GitHub\clairvoyance\src\window\ipc processes\RawInputForJoyStick\RawInputForJoyStick\Debug\link.10704-cvtres.write.1.tlog
C:\Users\sh\Documents\GitHub\clairvoyance\src\window\ipc processes\RawInputForJoyStick\RawInputForJoyStick\Debug\link.10704-rc.read.1.tlog
C:\Users\sh\Documents\GitHub\clairvoyance\src\window\ipc processes\RawInputForJoyStick\RawInputForJoyStick\Debug\link.10704-rc.write.1.tlog
C:\Users\sh\Documents\GitHub\clairvoyance\src\window\ipc processes\RawInputForJoyStick\RawInputForJoyStick\Debug\link.10704.read.1.tlog
C:\Users\sh\Documents\GitHub\clairvoyance\src\window\ipc processes\RawInputForJoyStick\RawInputForJoyStick\Debug\link.10704.write.1.tlog
C:\Users\sh\Documents\GitHub\clairvoyance\src\window\ipc processes\RawInputForJoyStick\RawInputForJoyStick\Debug\link.3528-cvtres.read.1.tlog
C:\Users\sh\Documents\GitHub\clairvoyance\src\window\ipc processes\RawInputForJoyStick\RawInputForJoyStick\Debug\link.3528-cvtres.write.1.tlog
C:\Users\sh\Documents\GitHub\clairvoyance\src\window\ipc processes\RawInputForJoyStick\RawInputForJoyStick\Debug\link.3528-rc.read.1.tlog
C:\Users\sh\Documents\GitHub\clairvoyance\src\window\ipc processes\RawInputForJoyStick\RawInputForJoyStick\Debug\link.3528-rc.write.1.tlog
C:\Users\sh\Documents\GitHub\clairvoyance\src\window\ipc processes\RawInputForJoyStick\RawInputForJoyStick\Debug\link.3528.read.1.tlog
C:\Users\sh\Documents\GitHub\clairvoyance\src\window\ipc processes\RawInputForJoyStick\RawInputForJoyStick\Debug\link.3528.write.1.tlog
C:\Users\sh\Documents\GitHub\clairvoyance\src\window\ipc processes\RawInputForJoyStick\RawInputForJoyStick\Debug\link.5272-cvtres.read.1.tlog
C:\Users\sh\Documents\GitHub\clairvoyance\src\window\ipc processes\RawInputForJoyStick\RawInputForJoyStick\Debug\link.5272-cvtres.write.1.tlog
C:\Users\sh\Documents\GitHub\clairvoyance\src\window\ipc processes\RawInputForJoyStick\RawInputForJoyStick\Debug\link.5272-rc.read.1.tlog
C:\Users\sh\Documents\GitHub\clairvoyance\src\window\ipc processes\RawInputForJoyStick\RawInputForJoyStick\Debug\link.5272-rc.write.1.tlog
C:\Users\sh\Documents\GitHub\clairvoyance\src\window\ipc processes\RawInputForJoyStick\RawInputForJoyStick\Debug\link.5272.read.1.tlog
C:\Users\sh\Documents\GitHub\clairvoyance\src\window\ipc processes\RawInputForJoyStick\RawInputForJoyStick\Debug\link.5272.write.1.tlog
C:\Users\sh\Documents\GitHub\clairvoyance\src\window\ipc processes\RawInputForJoyStick\RawInputForJoyStick\Debug\link.5548-cvtres.read.1.tlog
C:\Users\sh\Documents\GitHub\clairvoyance\src\window\ipc processes\RawInputForJoyStick\RawInputForJoyStick\Debug\link.5548-cvtres.write.1.tlog
C:\Users\sh\Documents\GitHub\clairvoyance\src\window\ipc processes\RawInputForJoyStick\RawInputForJoyStick\Debug\link.5548-rc.read.1.tlog
C:\Users\sh\Documents\GitHub\clairvoyance\src\window\ipc processes\RawInputForJoyStick\RawInputForJoyStick\Debug\link.5548-rc.write.1.tlog
C:\Users\sh\Documents\GitHub\clairvoyance\src\window\ipc processes\RawInputForJoyStick\RawInputForJoyStick\Debug\link.5548.read.1.tlog
C:\Users\sh\Documents\GitHub\clairvoyance\src\window\ipc processes\RawInputForJoyStick\RawInputForJoyStick\Debug\link.5548.write.1.tlog
C:\Users\sh\Documents\GitHub\clairvoyance\src\window\ipc processes\RawInputForJoyStick\RawInputForJoyStick\Debug\link.9416-cvtres.read.1.tlog
C:\Users\sh\Documents\GitHub\clairvoyance\src\window\ipc processes\RawInputForJoyStick\RawInputForJoyStick\Debug\link.9416-cvtres.write.1.tlog
C:\Users\sh\Documents\GitHub\clairvoyance\src\window\ipc processes\RawInputForJoyStick\RawInputForJoyStick\Debug\link.9416-rc.read.1.tlog
C:\Users\sh\Documents\GitHub\clairvoyance\src\window\ipc processes\RawInputForJoyStick\RawInputForJoyStick\Debug\link.9416-rc.write.1.tlog
C:\Users\sh\Documents\GitHub\clairvoyance\src\window\ipc processes\RawInputForJoyStick\RawInputForJoyStick\Debug\link.9416.read.1.tlog
C:\Users\sh\Documents\GitHub\clairvoyance\src\window\ipc processes\RawInputForJoyStick\RawInputForJoyStick\Debug\link.9416.write.1.tlog
C:\Users\sh\Documents\GitHub\clairvoyance\src\window\ipc processes\RawInputForJoyStick\RawInputForJoyStick\Debug\link.command.1.tlog
C:\Users\sh\Documents\GitHub\clairvoyance\src\window\ipc processes\RawInputForJoyStick\RawInputForJoyStick\Debug\link.read.1.tlog
C:\Users\sh\Documents\GitHub\clairvoyance\src\window\ipc processes\RawInputForJoyStick\RawInputForJoyStick\Debug\link.write.1.tlog
C:\Users\sh\Documents\GitHub\clairvoyance\src\window\ipc processes\RawInputForJoyStick\RawInputForJoyStick\Debug\vc110.idb
C:\Users\sh\Documents\GitHub\clairvoyance\src\window\ipc processes\RawInputForJoyStick\RawInputForJoyStick\Debug\vc110.pdb
C:\Users\sh\Documents\GitHub\clairvoyance\src\window\ipc processes\RawInputForJoyStick\Debug\RawInputForJoyStick.pdb
C:\Users\sh\Documents\GitHub\clairvoyance\src\window\ipc processes\RawInputForJoyStick\Debug\RawInputForJoyStick.exe
C:\Users\sh\Documents\GitHub\clairvoyance\src\window\ipc processes\RawInputForJoyStick\Debug\RawInputForJoyStick.ilk
